commit 116533a5ebf5faabf492a23724bfba0059d47eea
Author: gustavolopesmartins <70769813+Gustavo-H-Martins@users.noreply.github.com>
Date:   Mon Jul 17 10:48:31 2023 -0300

    inclusão base mei
    
    Signed-off-by: gustavolopesmartins <70769813+Gustavo-H-Martins@users.noreply.github.com>

commit c3bd657f76218eb784a8d6d7f489ebbd026d19a1
Author: gustavolopesmartins <70769813+Gustavo-H-Martins@users.noreply.github.com>
Date:   Fri Jul 14 17:05:28 2023 -0300

    .
    
    Signed-off-by: gustavolopesmartins <70769813+Gustavo-H-Martins@users.noreply.github.com>

commit 69733211e4e5846fbb6a7cd64f0b967411ef7b61
Author: gustavolopesmartins <70769813+Gustavo-H-Martins@users.noreply.github.com>
Date:   Fri Jul 14 13:10:53 2023 -0300

    inclusão dos índices bairros, cidade, uf em rfb
    
    Signed-off-by: gustavolopesmartins <70769813+Gustavo-H-Martins@users.noreply.github.com>

commit c3767f08fbded7d823a3ba5f2c260c53824c2b71
Author: gustavolopesmartins <70769813+Gustavo-H-Martins@users.noreply.github.com>
Date:   Thu Jul 13 12:25:32 2023 -0300

    .
    
    Signed-off-by: gustavolopesmartins <70769813+Gustavo-H-Martins@users.noreply.github.com>

commit 5684c02964ede264644a3a2e28671d999c5e03be
Author: gustavolopesmartins <70769813+Gustavo-H-Martins@users.noreply.github.com>
Date:   Thu Jul 13 12:23:08 2023 -0300

    inclusão do change log
    
    Signed-off-by: gustavolopesmartins <70769813+Gustavo-H-Martins@users.noreply.github.com>

commit e9f5bd509a7a0410fc33f0025058d65fbce9ba10
Author: Gustavo Henrique Lopes Martins <70769813+Gustavo-H-Martins@users.noreply.github.com>
Date:   Thu Jul 13 10:27:36 2023 -0300

    Update README.md

commit 567dd0670cc9566c2ebeb01f0e4ece6d39ca3c59
Author: Gustavo Henrique Lopes Martins <70769813+Gustavo-H-Martins@users.noreply.github.com>
Date:   Thu Jul 13 10:27:12 2023 -0300

    Update README.md

commit 8756d3c3a87beeaccae6cbae33e3660913fdabee
Author: gustavolopesmartins <70769813+Gustavo-H-Martins@users.noreply.github.com>
Date:   Tue Jul 11 17:14:01 2023 -0300

    .
    
    Signed-off-by: gustavolopesmartins <70769813+Gustavo-H-Martins@users.noreply.github.com>

commit 32260683f53c8374d99bf24f503c5ac5f0b8c078
Author: gustavolopesmartins <70769813+Gustavo-H-Martins@users.noreply.github.com>
Date:   Tue Jul 11 16:35:09 2023 -0300

    inclusão dos parametros de formato para salvar
    
    Signed-off-by: gustavolopesmartins <70769813+Gustavo-H-Martins@users.noreply.github.com>

commit 0f37c626ccd1f0a80e16adeb57b258144d81cc08
Merge: ea8b673 6134035
Author: gustavolopesmartins <70769813+Gustavo-H-Martins@users.noreply.github.com>
Date:   Tue Jul 11 14:02:35 2023 -0300

    Merge branch 'master' of https://github.com/Gustavo-H-Martins/coletor_leads_vouchers
    
    Signed-off-by: gustavolopesmartins <70769813+Gustavo-H-Martins@users.noreply.github.com>

commit ea8b673dc3c713130d5b3d0928ed560f00a5493a
Author: gustavolopesmartins <70769813+Gustavo-H-Martins@users.noreply.github.com>
Date:   Tue Jul 11 13:59:55 2023 -0300

    .
    
    Signed-off-by: gustavolopesmartins <70769813+Gustavo-H-Martins@users.noreply.github.com>

commit 6134035a2a8440675a604593d5f108daf7daafbc
Author: Gustavo Henrique Lopes Martins <70769813+Gustavo-H-Martins@users.noreply.github.com>
Date:   Wed Jul 5 13:48:06 2023 -0300

    .
    
    Signed-off-by: Gustavo Henrique Lopes Martins <70769813+Gustavo-H-Martins@users.noreply.github.com>

commit 47f0ea09d5e8105079948ee3e8cba41f0602f890
Author: Gustavo Henrique Lopes Martins <70769813+Gustavo-H-Martins@users.noreply.github.com>
Date:   Wed Jul 5 13:35:45 2023 -0300

    visual counts com multiplas bandeiras
    
    Signed-off-by: Gustavo Henrique Lopes Martins <70769813+Gustavo-H-Martins@users.noreply.github.com>

commit f4fb56d07604a0eee427dec32e521d6c209d39a1
Author: Gustavo Henrique Lopes Martins <70769813+Gustavo-H-Martins@users.noreply.github.com>
Date:   Tue Jul 4 14:57:49 2023 -0300

    criando branch main
    
    Signed-off-by: Gustavo Henrique Lopes Martins <70769813+Gustavo-H-Martins@users.noreply.github.com>

commit 8c7ed3b677db99cb4cc0f63d3038c962273615ec
Author: gustavolopesmartins <70769813+Gustavo-H-Martins@users.noreply.github.com>
Date:   Wed Jun 28 14:18:26 2023 -0300

    .
    
    Signed-off-by: gustavolopesmartins <70769813+Gustavo-H-Martins@users.noreply.github.com>

commit ef0aff2bba92085fc35d7c6781c21f2c6704cee9
Author: gustavolopesmartins <70769813+Gustavo-H-Martins@users.noreply.github.com>
Date:   Wed Jun 28 13:25:26 2023 -0300

    .
    
    Signed-off-by: gustavolopesmartins <70769813+Gustavo-H-Martins@users.noreply.github.com>

commit a6549c838952b184cf57f47f8312d011b64f8ef0
Author: gustavolopesmartins <70769813+Gustavo-H-Martins@users.noreply.github.com>
Date:   Wed Jun 21 17:13:10 2023 -0300

    s
    
    Signed-off-by: gustavolopesmartins <70769813+Gustavo-H-Martins@users.noreply.github.com>

commit 85f68e70861eb124b0933c5fdfe6c19c6bfff680
Author: gustavolopesmartins <70769813+Gustavo-H-Martins@users.noreply.github.com>
Date:   Thu Jun 15 14:16:49 2023 -0300

    .
    
    Signed-off-by: gustavolopesmartins <70769813+Gustavo-H-Martins@users.noreply.github.com>

commit f15352a92fe1a458e2caaa47e5af7177df8a907b
Author: gustavolopesmartins <70769813+Gustavo-H-Martins@users.noreply.github.com>
Date:   Thu Jun 15 10:08:45 2023 -0300

    .
    
    Signed-off-by: gustavolopesmartins <70769813+Gustavo-H-Martins@users.noreply.github.com>

commit a63b88c73d7dcaba1c3674c2f9a554cffc3015d0
Author: gustavolopesmartins <70769813+Gustavo-H-Martins@users.noreply.github.com>
Date:   Mon Jun 5 12:47:11 2023 -0300

    s
    
    Signed-off-by: gustavolopesmartins <70769813+Gustavo-H-Martins@users.noreply.github.com>

commit 5f47a11a1970f0c3700a21b2ff4b39c481aa5ba8
Author: gustavolopesmartins <70769813+Gustavo-H-Martins@users.noreply.github.com>
Date:   Wed May 31 13:01:21 2023 -0300

    s
    
    Signed-off-by: gustavolopesmartins <70769813+Gustavo-H-Martins@users.noreply.github.com>

commit ba4928ef2dd18b6e75dac993075db01d9d17a13f
Author: gustavolopesmartins <70769813+Gustavo-H-Martins@users.noreply.github.com>
Date:   Mon May 29 17:33:32 2023 -0300

    s
    
    Signed-off-by: gustavolopesmartins <70769813+Gustavo-H-Martins@users.noreply.github.com>

commit e6bc35c012a57dba565be69bcc28371b183fc129
Author: gustavolopesmartins <70769813+Gustavo-H-Martins@users.noreply.github.com>
Date:   Thu May 25 13:23:24 2023 -0300

    s
    
    Signed-off-by: gustavolopesmartins <70769813+Gustavo-H-Martins@users.noreply.github.com>

commit 75eaf36e4c254357041410a6faec56024533beb0
Author: gustavolopesmartins <70769813+Gustavo-H-Martins@users.noreply.github.com>
Date:   Thu May 25 13:21:15 2023 -0300

    CORREÇÃO : CRIAÇÃO DE INDEX DAS TABELAS
    
    Signed-off-by: gustavolopesmartins <70769813+Gustavo-H-Martins@users.noreply.github.com>

commit 86f1b606e1a76524c7e6d46c438f523449ec688f
Author: gustavolopesmartins <70769813+Gustavo-H-Martins@users.noreply.github.com>
Date:   Thu May 25 13:13:48 2023 -0300

    criação dos indices para performar as querys
    
    Signed-off-by: gustavolopesmartins <70769813+Gustavo-H-Martins@users.noreply.github.com>

commit 650c3992422f6803477e328d79d6d9458937aa02
Author: gustavolopesmartins <70769813+Gustavo-H-Martins@users.noreply.github.com>
Date:   Thu May 25 11:03:50 2023 -0300

    atualização das temp vies
    
    Signed-off-by: gustavolopesmartins <70769813+Gustavo-H-Martins@users.noreply.github.com>

commit 6dd607648c4a379c759773e8316fffe15226f7cb
Author: gustavolopesmartins <70769813+Gustavo-H-Martins@users.noreply.github.com>
Date:   Thu May 25 10:40:18 2023 -0300

    s
    
    Signed-off-by: gustavolopesmartins <70769813+Gustavo-H-Martins@users.noreply.github.com>

commit bc6713f7cc655a4b3f8a414e21549b65906663a0
Author: gustavolopesmartins <70769813+Gustavo-H-Martins@users.noreply.github.com>
Date:   Thu May 25 10:25:11 2023 -0300

    correção da função de backup

commit cf7362bb3912e30316907719e45cade681561b7d
Author: gustavolopesmartins <70769813+Gustavo-H-Martins@users.noreply.github.com>
Date:   Wed May 24 10:11:10 2023 -0300

    s
    
    Signed-off-by: gustavolopesmartins <70769813+Gustavo-H-Martins@users.noreply.github.com>

commit 002ecb469486720329c68c169e57926472848a19
Author: gustavolopesmartins <70769813+Gustavo-H-Martins@users.noreply.github.com>
Date:   Wed May 24 10:03:22 2023 -0300

    go up data
    
    Signed-off-by: gustavolopesmartins <70769813+Gustavo-H-Martins@users.noreply.github.com>

commit eb3fa48c20016dad529b76274109ed9a7a662113
Author: gustavolopesmartins <70769813+Gustavo-H-Martins@users.noreply.github.com>
Date:   Tue May 23 13:28:30 2023 -0300

    atualização base siga.
    
    Signed-off-by: gustavolopesmartins <70769813+Gustavo-H-Martins@users.noreply.github.com>

commit e7fa83188a38034dbf6f61a133fac1a969a6cf27
Author: gustavolopesmartins <70769813+Gustavo-H-Martins@users.noreply.github.com>
Date:   Tue May 23 13:03:23 2023 -0300

    adicionando página do author na api
    
    Signed-off-by: gustavolopesmartins <70769813+Gustavo-H-Martins@users.noreply.github.com>

commit 03d424c22ce10d52fb8552e28e1f370c1b1e16de
Author: gustavolopesmartins <70769813+Gustavo-H-Martins@users.noreply.github.com>
Date:   Tue May 23 11:57:01 2023 -0300

    base ticket atualizada!
    
    Signed-off-by: gustavolopesmartins <70769813+Gustavo-H-Martins@users.noreply.github.com>

commit 1b8fb662abf3d2e883694b2ccde3a266933f904e
Author: gustavolopesmartins <70769813+Gustavo-H-Martins@users.noreply.github.com>
Date:   Tue May 23 10:42:39 2023 -0300

    tentativa falha com base VR
    
    Signed-off-by: gustavolopesmartins <70769813+Gustavo-H-Martins@users.noreply.github.com>

commit 6eb59d264e61ffdfb2d88863698093a41cbcdfb5
Author: gustavolopesmartins <70769813+Gustavo-H-Martins@users.noreply.github.com>
Date:   Mon May 22 17:44:18 2023 -0300

    s
    
    Signed-off-by: gustavolopesmartins <70769813+Gustavo-H-Martins@users.noreply.github.com>

commit ae4059c4f73d7d227bd039b27fb8d73ffd44cb15
Author: gustavolopesmartins <70769813+Gustavo-H-Martins@users.noreply.github.com>
Date:   Mon May 22 17:07:46 2023 -0300

    go!
    
    Signed-off-by: gustavolopesmartins <70769813+Gustavo-H-Martins@users.noreply.github.com>

commit ff0879f36f2d21225ff86bf1a4cfe442a07976f5
Author: gustavolopesmartins <70769813+Gustavo-H-Martins@users.noreply.github.com>
Date:   Mon May 22 16:39:42 2023 -0300

    atualização dados cnpj
    
    Signed-off-by: gustavolopesmartins <70769813+Gustavo-H-Martins@users.noreply.github.com>

commit 242076189cece7b38e874a430e9d97796591a8f6
Author: Gustavo Henrique Lopes Martins <70769813+Gustavo-H-Martins@users.noreply.github.com>
Date:   Sat May 20 17:51:25 2023 -0300

    base atualizada maio
    
    Signed-off-by: Gustavo Henrique Lopes Martins <70769813+Gustavo-H-Martins@users.noreply.github.com>

commit cc69cc420f35d5200890cd8b35120508ed15b812
Author: Gustavo Henrique Lopes Martins <70769813+Gustavo-H-Martins@users.noreply.github.com>
Date:   Sat May 20 16:52:15 2023 -0300

    s
    
    Signed-off-by: Gustavo Henrique Lopes Martins <70769813+Gustavo-H-Martins@users.noreply.github.com>

commit f8ef51c698e697a4af3cc8f6484b1c36e797c3f6
Author: Gustavo Henrique Lopes Martins <70769813+Gustavo-H-Martins@users.noreply.github.com>
Date:   Sat May 20 16:33:45 2023 -0300

    s
    
    Signed-off-by: Gustavo Henrique Lopes Martins <70769813+Gustavo-H-Martins@users.noreply.github.com>

commit 859af305f466b7a7d8874ca90acb542407a08d0b
Author: Gustavo Henrique Lopes Martins <70769813+Gustavo-H-Martins@users.noreply.github.com>
Date:   Sat May 20 13:07:07 2023 -0300

    s
    
    Signed-off-by: Gustavo Henrique Lopes Martins <70769813+Gustavo-H-Martins@users.noreply.github.com>

commit 6b45d31b31ad0243115d4e8f7d051192314bf56d
Author: gustavolopesmartins <70769813+Gustavo-H-Martins@users.noreply.github.com>
Date:   Fri May 19 16:30:47 2023 -0300

    s
    
    Signed-off-by: gustavolopesmartins <70769813+Gustavo-H-Martins@users.noreply.github.com>

commit c9edab238072a0136f9dfb84ac5e69837f41aac0
Author: gustavolopesmartins <70769813+Gustavo-H-Martins@users.noreply.github.com>
Date:   Tue May 16 12:34:12 2023 -0300

    .
    
    Signed-off-by: gustavolopesmartins <70769813+Gustavo-H-Martins@users.noreply.github.com>

commit a4d8f79af6cd8329394a223934a38b2902f2a13c
Merge: 4ed24ad 93ddf4e
Author: gustavolopesmartins <70769813+Gustavo-H-Martins@users.noreply.github.com>
Date:   Tue May 16 10:34:18 2023 -0300

    Merge branch 'master' of https://github.com/Gustavo-H-Martins/coletor_leads_vouchers
    
    Signed-off-by: gustavolopesmartins <70769813+Gustavo-H-Martins@users.noreply.github.com>

commit 4ed24ad84612e0adcc06e314304c7bde1d8597db
Author: gustavolopesmartins <70769813+Gustavo-H-Martins@users.noreply.github.com>
Date:   Tue May 16 10:29:39 2023 -0300

    atualização das rotas
    
    Signed-off-by: gustavolopesmartins <70769813+Gustavo-H-Martins@users.noreply.github.com>

commit 93ddf4e82289621f2b4b06fb66926a4dcc7e3c08
Author: Gustavo Henrique Lopes Martins <70769813+Gustavo-H-Martins@users.noreply.github.com>
Date:   Sat May 13 17:49:01 2023 -0300

    CORREÇÃO DA ATUALIZAÇÃO DE QUERY
    
    Signed-off-by: Gustavo Henrique Lopes Martins <70769813+Gustavo-H-Martins@users.noreply.github.com>

commit 5aa232be6f6e6aa02996936df38418c94aea11dd
Author: gustavolopesmartins <70769813+Gustavo-H-Martins@users.noreply.github.com>
Date:   Fri May 12 17:01:00 2023 -0300

    S
    
    Signed-off-by: gustavolopesmartins <70769813+Gustavo-H-Martins@users.noreply.github.com>

commit 76f3fe2484c1c5b9564df2734f362ae095b907a6
Author: gustavolopesmartins <70769813+Gustavo-H-Martins@users.noreply.github.com>
Date:   Fri May 12 16:31:41 2023 -0300

    s
    
    Signed-off-by: gustavolopesmartins <70769813+Gustavo-H-Martins@users.noreply.github.com>

commit 6248f1e3f48cd31e87aa484e1dc91f77f46bae18
Author: gustavolopesmartins <70769813+Gustavo-H-Martins@users.noreply.github.com>
Date:   Fri May 12 16:28:41 2023 -0300

    .
    
    Signed-off-by: gustavolopesmartins <70769813+Gustavo-H-Martins@users.noreply.github.com>

commit e8097a47c064374039c1a411631eea2e971ef016
Author: gustavolopesmartins <70769813+Gustavo-H-Martins@users.noreply.github.com>
Date:   Fri May 12 16:14:27 2023 -0300

    subaaaaaaaaaaaaaaaaaaaa
    
    Signed-off-by: gustavolopesmartins <70769813+Gustavo-H-Martins@users.noreply.github.com>

commit 3f7e7ccc5809b61a13bd85dea307cdd2848b047d
Merge: 81ed3e0 fd03f6a
Author: gustavolopesmartins <70769813+Gustavo-H-Martins@users.noreply.github.com>
Date:   Fri May 12 12:05:17 2023 -0300

    Merge branch 'master' of https://github.com/Gustavo-H-Martins/coletor_leads_vouchers

commit fd03f6ad57423f4f809b8b74910e295ad16883a9
Author: Gustavo Henrique Lopes Martins <70769813+Gustavo-H-Martins@users.noreply.github.com>
Date:   Fri May 12 01:13:55 2023 -0300

    z
    
    Signed-off-by: Gustavo Henrique Lopes Martins <70769813+Gustavo-H-Martins@users.noreply.github.com>

commit f6cf4535751e22d6bc8e42c036f9b404555a2908
Author: Gustavo Henrique Lopes Martins <70769813+Gustavo-H-Martins@users.noreply.github.com>
Date:   Fri May 12 00:58:05 2023 -0300

    s
    
    Signed-off-by: Gustavo Henrique Lopes Martins <70769813+Gustavo-H-Martins@users.noreply.github.com>

commit 81ed3e07fb7606f4155b5b5772eb94c74dfa9966
Author: gustavolopesmartins <70769813+Gustavo-H-Martins@users.noreply.github.com>
Date:   Thu May 11 13:01:06 2023 -0300

    inclusão das views para melhoria da performance
    
    Signed-off-by: gustavolopesmartins <70769813+Gustavo-H-Martins@users.noreply.github.com>

commit 6ef18bbe2bd49fc8eb1556be3d83b17d41fdd3d6
Author: gustavolopesmartins <70769813+Gustavo-H-Martins@users.noreply.github.com>
Date:   Wed May 10 17:43:29 2023 -0300

    ,
    
    Signed-off-by: gustavolopesmartins <70769813+Gustavo-H-Martins@users.noreply.github.com>

commit fbded86248663feedff87f4c2f15ccfcad0c548b
Author: gustavolopesmartins <70769813+Gustavo-H-Martins@users.noreply.github.com>
Date:   Wed May 10 11:50:54 2023 -0300

    atualização dos dados no banco
    
    Signed-off-by: gustavolopesmartins <70769813+Gustavo-H-Martins@users.noreply.github.com>

commit 708936f8e1516cf13f48bf69a95ed454824920ee
Author: gustavolopesmartins <70769813+Gustavo-H-Martins@users.noreply.github.com>
Date:   Wed May 10 09:52:27 2023 -0300

    Funcionou corretamente.
    
    Signed-off-by: gustavolopesmartins <70769813+Gustavo-H-Martins@users.noreply.github.com>

commit dbe61d1dce8fb482dcdb1deaa20924fbbca891b0
Author: gustavolopesmartins <70769813+Gustavo-H-Martins@users.noreply.github.com>
Date:   Tue May 9 17:50:30 2023 -0300

    suba
    
    Signed-off-by: gustavolopesmartins <70769813+Gustavo-H-Martins@users.noreply.github.com>

commit 577ed29a2975f68eddd6245018877b1eb53b9688
Author: gustavolopesmartins <70769813+Gustavo-H-Martins@users.noreply.github.com>
Date:   Tue May 9 16:22:40 2023 -0300

    a qualidade dos parquet estavam ruins
    
    Signed-off-by: gustavolopesmartins <70769813+Gustavo-H-Martins@users.noreply.github.com>

commit dec0259b0f519528c40e5392fe8a1aa597819b84
Author: gustavolopesmartins <70769813+Gustavo-H-Martins@users.noreply.github.com>
Date:   Tue May 9 13:28:07 2023 -0300

    contagem ativa da base RFB
    
    Signed-off-by: gustavolopesmartins <70769813+Gustavo-H-Martins@users.noreply.github.com>

commit 87e7a829e3ff7ddd0357f5d95665de8ce2e99d05
Author: gustavolopesmartins <70769813+Gustavo-H-Martins@users.noreply.github.com>
Date:   Tue May 9 12:45:13 2023 -0300

    files parquet e csv
    
    Signed-off-by: gustavolopesmartins <70769813+Gustavo-H-Martins@users.noreply.github.com>

commit 3c196a36a2d0e76494fb42f25ca81e608d230651
Author: gustavolopesmartins <70769813+Gustavo-H-Martins@users.noreply.github.com>
Date:   Mon May 8 17:58:19 2023 -0300

    .
    
    Signed-off-by: gustavolopesmartins <70769813+Gustavo-H-Martins@users.noreply.github.com>

commit da3d6d929e7be6cc7209de79c4f18f80cb13f22b
Author: gustavolopesmartins <70769813+Gustavo-H-Martins@users.noreply.github.com>
Date:   Mon May 8 16:59:34 2023 -0300

    .
    
    Signed-off-by: gustavolopesmartins <70769813+Gustavo-H-Martins@users.noreply.github.com>

commit 0f060fd1da157d81dde8e721488b46d737f5f80c
Author: gustavolopesmartins <70769813+Gustavo-H-Martins@users.noreply.github.com>
Date:   Mon May 8 16:58:32 2023 -0300

    criando o fluxo de download e transform
    
    Signed-off-by: gustavolopesmartins <70769813+Gustavo-H-Martins@users.noreply.github.com>

commit 3ccb60cb0fb59ba633eb35a4b37fd8fe99d740a1
Author: gustavolopesmartins <70769813+Gustavo-H-Martins@users.noreply.github.com>
Date:   Mon May 8 11:59:45 2023 -0300

    editando as variáveis de ambiente com chave de api
    
    Signed-off-by: gustavolopesmartins <70769813+Gustavo-H-Martins@users.noreply.github.com>

commit 86feef81d99d331ff4070733cee1cd738cfa650b
Author: gustavolopesmartins <70769813+Gustavo-H-Martins@users.noreply.github.com>
Date:   Mon May 8 11:30:12 2023 -0300

    .
    
    Signed-off-by: gustavolopesmartins <70769813+Gustavo-H-Martins@users.noreply.github.com>

commit 40557aa316c37acd91ed65725500e2d6daf90f5c
Author: gustavolopesmartins <70769813+Gustavo-H-Martins@users.noreply.github.com>
Date:   Fri May 5 17:47:42 2023 -0300

    .
    
    Signed-off-by: gustavolopesmartins <70769813+Gustavo-H-Martins@users.noreply.github.com>

commit a94ef05498b885b482f4d13d2da742d6f8699be7
Author: gustavolopesmartins <70769813+Gustavo-H-Martins@users.noreply.github.com>
Date:   Fri May 5 17:43:16 2023 -0300

    tentando migrar para camada staging
    
    Signed-off-by: gustavolopesmartins <70769813+Gustavo-H-Martins@users.noreply.github.com>

commit 5a211d8cfe6248f5756dd4c1817abaae494920f9
Author: gustavolopesmartins <70769813+Gustavo-H-Martins@users.noreply.github.com>
Date:   Fri May 5 11:25:15 2023 -0300

    adição da camada de extração e manipulação RFB
    
    Signed-off-by: gustavolopesmartins <70769813+Gustavo-H-Martins@users.noreply.github.com>

commit 8c4564606fa39d0169e7917e990e56eb9f0799c8
Merge: 5ef427d b26ad99
Author: gustavolopesmartins <70769813+Gustavo-H-Martins@users.noreply.github.com>
Date:   Tue May 2 15:17:22 2023 -0300

    Merge branch 'master' of https://github.com/Gustavo-H-Martins/coletor_leads_vouchers

commit 5ef427dae834fbbd84e4b7ab36ebefff4657fe51
Author: gustavolopesmartins <70769813+Gustavo-H-Martins@users.noreply.github.com>
Date:   Tue May 2 15:17:20 2023 -0300

    up all
    
    Signed-off-by: gustavolopesmartins <70769813+Gustavo-H-Martins@users.noreply.github.com>

commit b26ad99edd254263a577c59f4009b5355af1c4f5
Author: Gustavo Henrique Lopes Martins <70769813+Gustavo-H-Martins@users.noreply.github.com>
Date:   Thu Apr 27 21:36:16 2023 -0300

    Create geolocalizacao.js

commit 3639f3eb557c31e30f99abe3d118dd97d81f7965
Author: gustavolopesmartins <70769813+Gustavo-H-Martins@users.noreply.github.com>
Date:   Wed Apr 26 17:47:50 2023 -0300

    partiu
    
    Signed-off-by: gustavolopesmartins <70769813+Gustavo-H-Martins@users.noreply.github.com>

commit 3ae625f54f3bb7b0bb0a46b41f426480896dc6d6
Author: gustavolopesmartins <70769813+Gustavo-H-Martins@users.noreply.github.com>
Date:   Wed Apr 26 17:34:46 2023 -0300

    subindo a tentativa de adequação
    
    Signed-off-by: gustavolopesmartins <70769813+Gustavo-H-Martins@users.noreply.github.com>

commit 503cec86368774687b9d83c1f237077ab183ef4e
Author: gustavolopesmartins <70769813+Gustavo-H-Martins@users.noreply.github.com>
Date:   Wed Apr 26 09:03:30 2023 -0300

    adendar
    
    Signed-off-by: gustavolopesmartins <70769813+Gustavo-H-Martins@users.noreply.github.com>

commit dbe929be34133406b14b79b517d9b3def4bc0ee6
Author: gustavolopesmartins <70769813+Gustavo-H-Martins@users.noreply.github.com>
Date:   Tue Apr 25 17:59:32 2023 -0300

    PARTIU CASA MEUS AMIGOS
    
    Signed-off-by: gustavolopesmartins <70769813+Gustavo-H-Martins@users.noreply.github.com>

commit 64200b6f365b336b4aabdf81c48dfae1f04aeadd
Author: gustavolopesmartins <70769813+Gustavo-H-Martins@users.noreply.github.com>
Date:   Tue Apr 25 15:45:18 2023 -0300

    inclusão da request siga
    
    Signed-off-by: gustavolopesmartins <70769813+Gustavo-H-Martins@users.noreply.github.com>

commit 929e13a574d9fec0009347534f9ca02796b69775
Merge: a7443a5 00af896
Author: gustavolopesmartins <70769813+Gustavo-H-Martins@users.noreply.github.com>
Date:   Tue Apr 25 09:59:01 2023 -0300

    Merge branch 'master' of https://github.com/Gustavo-H-Martins/coletor_leads_vouchers

commit a7443a593ba387362c5f6e4ccc0725f7e500f2c7
Author: gustavolopesmartins <70769813+Gustavo-H-Martins@users.noreply.github.com>
Date:   Tue Apr 25 09:58:57 2023 -0300

    tentando subir backup do banco
    
    Signed-off-by: gustavolopesmartins <70769813+Gustavo-H-Martins@users.noreply.github.com>

commit 00af896a2c89ee616812f40e11c78a40686643ed
Author: Gustavo Henrique Lopes Martins <70769813+Gustavo-H-Martins@users.noreply.github.com>
Date:   Thu Apr 20 15:23:29 2023 -0300

    busca sodexo
    
    Signed-off-by: Gustavo Henrique Lopes Martins <70769813+Gustavo-H-Martins@users.noreply.github.com>

commit 1fde73b710290b173fbdaccb22431394bd67a041
Author: gustavolopesmartins <70769813+Gustavo-H-Martins@users.noreply.github.com>
Date:   Thu Apr 20 10:27:16 2023 -0300

    pre-prod Sodexo
    
    Signed-off-by: gustavolopesmartins <70769813+Gustavo-H-Martins@users.noreply.github.com>

commit f5a64d72314237bcf10d733eb1c72f9cab7fca0a
Author: gustavolopesmartins <70769813+Gustavo-H-Martins@users.noreply.github.com>
Date:   Wed Apr 19 15:42:40 2023 -0300

    mapeado benvisavale v2
    
    Signed-off-by: gustavolopesmartins <70769813+Gustavo-H-Martins@users.noreply.github.com>

commit 2d93caf09ea53e0026091e017d50e745afeede9e
Author: gustavolopesmartins <70769813+Gustavo-H-Martins@users.noreply.github.com>
Date:   Tue Apr 18 15:26:45 2023 -0300

    .
    
    Signed-off-by: gustavolopesmartins <70769813+Gustavo-H-Martins@users.noreply.github.com>

commit d0313ab48ed8f610e94b91169651ddf052509f10
Author: gustavolopesmartins <70769813+Gustavo-H-Martins@users.noreply.github.com>
Date:   Tue Apr 18 15:23:55 2023 -0300

    RECURSO DE BUSCA BENVISAVALE
    
    Signed-off-by: gustavolopesmartins <70769813+Gustavo-H-Martins@users.noreply.github.com>

commit 590acc214c074c5196414fe1e758ee4dad818208
Author: gustavolopesmartins <70769813+Gustavo-H-Martins@users.noreply.github.com>
Date:   Tue Apr 18 11:57:43 2023 -0300

    .
    
    Signed-off-by: gustavolopesmartins <70769813+Gustavo-H-Martins@users.noreply.github.com>

commit d5fb92923092394df846e94e4c55cfecd449fe32
Author: gustavolopesmartins <70769813+Gustavo-H-Martins@users.noreply.github.com>
Date:   Tue Apr 18 11:55:28 2023 -0300

    CORREÇÃO DO RECURSO ESTABELECIMENTOS
    
    Signed-off-by: gustavolopesmartins <70769813+Gustavo-H-Martins@users.noreply.github.com>

commit 3f287270884267f8945d8d677aadf39a72378f00
Author: gustavolopesmartins <70769813+Gustavo-H-Martins@users.noreply.github.com>
Date:   Tue Apr 18 10:57:12 2023 -0300

    adicionando retorn BAIRRO & CIDADE
    
    Signed-off-by: gustavolopesmartins <70769813+Gustavo-H-Martins@users.noreply.github.com>

commit 097352c3271107cb044088bd493c85355be046c8
Author: Gustavo Henrique Lopes Martins <70769813+Gustavo-H-Martins@users.noreply.github.com>
Date:   Mon Apr 17 19:09:38 2023 -0300

    atualização alelo
    
    Signed-off-by: Gustavo Henrique Lopes Martins <70769813+Gustavo-H-Martins@users.noreply.github.com>

commit b69f946cc80e6710e41f65c10e310c1ff0356c84
Author: Gustavo Henrique Lopes Martins <70769813+Gustavo-H-Martins@users.noreply.github.com>
Date:   Mon Apr 17 16:48:08 2023 -0300

    .
    
    Signed-off-by: Gustavo Henrique Lopes Martins <70769813+Gustavo-H-Martins@users.noreply.github.com>

commit 639f29a14ac341fed6d6e1a979d05a821e1b71a6
Author: Gustavo Henrique Lopes Martins <70769813+Gustavo-H-Martins@users.noreply.github.com>
Date:   Mon Apr 17 14:25:34 2023 -0300

    .
    
    Signed-off-by: Gustavo Henrique Lopes Martins <70769813+Gustavo-H-Martins@users.noreply.github.com>

commit 704cb42914b99d2cc873bbbbfaea21509730dc84
Author: Gustavo Henrique Lopes Martins <70769813+Gustavo-H-Martins@users.noreply.github.com>
Date:   Mon Apr 17 11:27:27 2023 -0300

    inclusão da etapa VR
    
    Signed-off-by: Gustavo Henrique Lopes Martins <70769813+Gustavo-H-Martins@users.noreply.github.com>

commit 62646a2189c3923e3d335692654b5b434951963d
Author: Gustavo Henrique Lopes Martins <70769813+Gustavo-H-Martins@users.noreply.github.com>
Date:   Mon Apr 17 09:20:53 2023 -0300

    recurso counts
    
    Signed-off-by: Gustavo Henrique Lopes Martins <70769813+Gustavo-H-Martins@users.noreply.github.com>

commit 9d7dc3e5099c87e1d0a022e7d933fb5b4c817956
Author: Gustavo Henrique Lopes Martins <70769813+Gustavo-H-Martins@users.noreply.github.com>
Date:   Mon Apr 17 09:15:50 2023 -0300

    save pm2
    
    Signed-off-by: Gustavo Henrique Lopes Martins <70769813+Gustavo-H-Martins@users.noreply.github.com>

commit 68b1c0264b985b95a6ddba9f93f9ee1627cbe2a7
Author: Gustavo Henrique Lopes Martins <70769813+Gustavo-H-Martins@users.noreply.github.com>
Date:   Fri Apr 14 19:46:25 2023 -0300

    .
    
    Signed-off-by: Gustavo Henrique Lopes Martins <70769813+Gustavo-H-Martins@users.noreply.github.com>

commit f9ad03e9a9b0c608b31c260b891b6a0ff438f265
Author: Gustavo Henrique Lopes Martins <70769813+Gustavo-H-Martins@users.noreply.github.com>
Date:   Fri Apr 14 18:29:10 2023 -0300

    atualização da base ticket
    
    Signed-off-by: Gustavo Henrique Lopes Martins <70769813+Gustavo-H-Martins@users.noreply.github.com>

commit f07ad256f070eeb38793007455af37f81e831866
Author: Gustavo Henrique Lopes Martins <70769813+Gustavo-H-Martins@users.noreply.github.com>
Date:   Fri Apr 14 18:06:21 2023 -0300

    criação da base tre
    
    Signed-off-by: Gustavo Henrique Lopes Martins <70769813+Gustavo-H-Martins@users.noreply.github.com>

commit 6fa7cb571958a37c5110cdf36ba525f32a431c8c
Author: Gustavo Henrique Lopes Martins <70769813+Gustavo-H-Martins@users.noreply.github.com>
Date:   Fri Apr 14 16:08:21 2023 -0300

    migrando aplicação de leads para projeto de coleta
    
    Signed-off-by: Gustavo Henrique Lopes Martins <70769813+Gustavo-H-Martins@users.noreply.github.com>

commit 0e1b2815cc21edd694103a436b27d17ec56339a8
Author: gustavolopesmartins <70769813+Gustavo-H-Martins@users.noreply.github.com>
Date:   Thu Apr 13 15:05:11 2023 -0300

    atualizando e inclusão do crawler de sodexo
    
    Signed-off-by: gustavolopesmartins <70769813+Gustavo-H-Martins@users.noreply.github.com>

commit 45d6b7bb8bbe9142284da73ea59f4193791d15f8
Author: Gustavo Henrique Lopes Martins <70769813+Gustavo-H-Martins@users.noreply.github.com>
Date:   Wed Apr 12 22:31:03 2023 -0300

    .
    
    Signed-off-by: Gustavo Henrique Lopes Martins <70769813+Gustavo-H-Martins@users.noreply.github.com>

commit de024a26f7ab1d31354c60b5c20f50fc694b6f0d
Author: Gustavo Henrique Lopes Martins <70769813+Gustavo-H-Martins@users.noreply.github.com>
Date:   Wed Apr 12 22:29:57 2023 -0300

    vamo lá muita coisa deu certo e todas deu errado
    
    Signed-off-by: Gustavo Henrique Lopes Martins <70769813+Gustavo-H-Martins@users.noreply.github.com>

commit 8ee71704c86f4b03a6f35190bc6f3d552e564591
Author: gustavolopesmartins <70769813+Gustavo-H-Martins@users.noreply.github.com>
Date:   Tue Apr 11 17:21:36 2023 -0300

    definição do arquivo de paralelismo na busca
    
    Signed-off-by: gustavolopesmartins <70769813+Gustavo-H-Martins@users.noreply.github.com>

commit 0175239d9647eb7db9ded0f1fbb843f3ba0b188f
Author: gustavolopesmartins <70769813+Gustavo-H-Martins@users.noreply.github.com>
Date:   Tue Apr 11 16:56:28 2023 -0300

    Criação da função de request dos dados SODEXO
    
    Signed-off-by: gustavolopesmartins <70769813+Gustavo-H-Martins@users.noreply.github.com>

commit 843a7a5556f4576e50a9be847c25fcf7df1d27d4
Author: Gustavo Henrique Lopes Martins <70769813+Gustavo-H-Martins@users.noreply.github.com>
Date:   Mon Apr 10 19:36:37 2023 -0300

    otimizado processo no alelo
    
    Signed-off-by: Gustavo Henrique Lopes Martins <70769813+Gustavo-H-Martins@users.noreply.github.com>

commit cbce93ff6cf4230d3dbdda966f12f377e4bc72ef
Author: Gustavo Henrique Lopes Martins <70769813+Gustavo-H-Martins@users.noreply.github.com>
Date:   Mon Apr 10 18:29:05 2023 -0300

    inclusão e manutenção da base BENVISAVALE
    
    Signed-off-by: Gustavo Henrique Lopes Martins <70769813+Gustavo-H-Martins@users.noreply.github.com>

commit 1f2fec5197570bf82e21e9d3a144f495a6ebcced
Author: gustavolopesmartins <70769813+Gustavo-H-Martins@users.noreply.github.com>
Date:   Thu Apr 6 17:20:34 2023 -0300

    Coletando dados BenvisaVale
    
    Signed-off-by: gustavolopesmartins <70769813+Gustavo-H-Martins@users.noreply.github.com>

commit c06492554062c314e6792d7a85a37531571613b8
Author: Gustavo Henrique Lopes Martins <70769813+Gustavo-H-Martins@users.noreply.github.com>
Date:   Wed Apr 5 16:35:01 2023 -0300

    concluído a parte da alelo
    
    Signed-off-by: Gustavo Henrique Lopes Martins <70769813+Gustavo-H-Martins@users.noreply.github.com>

commit 5f16c36fec5545b4f0eaa3440f1758af7473c709
Author: Gustavo Henrique Lopes Martins <70769813+Gustavo-H-Martins@users.noreply.github.com>
Date:   Wed Apr 5 13:25:31 2023 -0300

    agora sim a parada tá funfando como esperado
    
    Signed-off-by: Gustavo Henrique Lopes Martins <70769813+Gustavo-H-Martins@users.noreply.github.com>

commit e42bb48cb15d0ef16ff0ee0b8356d8e27dadbcda
Author: Gustavo Henrique Lopes Martins <70769813+Gustavo-H-Martins@users.noreply.github.com>
Date:   Wed Apr 5 11:14:44 2023 -0300

    últimas alterações antes de rodar o buscador Alelo
    
    Signed-off-by: Gustavo Henrique Lopes Martins <70769813+Gustavo-H-Martins@users.noreply.github.com>

commit 0ad2d378ecf5895fc77b4b96fc55dd35e17bd9c8
Author: gustavolopesmartins <70769813+Gustavo-H-Martins@users.noreply.github.com>
Date:   Tue Apr 4 17:30:48 2023 -0300

    first commit
