cert.pem

antigo:
-----BEGIN CERTIFICATE-----
MIIEFjCCAv6gAwIBAgIUSgZCE490MOC88jKJBckol2G8h7EwDQYJKoZIhvcNAQEF
BQAwgbsxHDAaBgNVBAMME01ldSBDQSBBdXRvYXNzaW5hZG8xCzAJBgNVBAgMAk1H
MQswCQYDVQQGEwJCUjEtMCsGCSqGSIb3DQEJARYeZ3VzdGF2b2xvcGVzLmJyQGFi
cmFzZWwuY29tLmJyMRkwFwYDVQQKDBBBYnJhc2VsIE5hY2lvbmFsMTcwNQYDVQQL
DC5EZXBhcnRhbWVudG8gZGUgZGVzZW52b2x2aW1lbnRvIHRlY25vbMODwrNnaWNv
MB4XDTIzMDYxOTE1MjUwNloXDTI0MDYxODE1MjUwNlowgbsxHDAaBgNVBAMME01l
dSBDQSBBdXRvYXNzaW5hZG8xCzAJBgNVBAgMAk1HMQswCQYDVQQGEwJCUjEtMCsG
CSqGSIb3DQEJARYeZ3VzdGF2b2xvcGVzLmJyQGFicmFzZWwuY29tLmJyMRkwFwYD
VQQKDBBBYnJhc2VsIE5hY2lvbmFsMTcwNQYDVQQLDC5EZXBhcnRhbWVudG8gZGUg
ZGVzZW52b2x2aW1lbnRvIHRlY25vbMODwrNnaWNvMIIBIjANBgkqhkiG9w0BAQEF
AAOCAQ8AMIIBCgKCAQEA/AbzOH3dS9YdZNABtS6mK5oECFUZ7pkwMpC4nTjtG6Df
x7Q6G+zrBKW9PtVtrEZgUvorvHGmhIIp0BQ68bYHekmOzNYQdJPj4xW5VegP3nZQ
jcsIlMPAVn5HJSNm1vRYjmEAaxwJmElIlqdPrueO50q0pEu0gUPXQaj364XtZXg1
EKxH9qFNaTowab6rqK4LMXF2TQi9zLavRfGEbVRmLq7+XioAhbFIX8F/olcvi/mu
gLhEQEfYmHoP/rkn64yaIYWFqxYjp4/F3tOqdSQjB41Fb5/RpLGRtYS0tzYEa+9t
i5LgrzlmsCrrtbCVfc9LzgILpPa4lBUI7ebez4GD0wIDAQABoxAwDjAMBgNVHRME
BTADAQH/MA0GCSqGSIb3DQEBBQUAA4IBAQCwDI9Q5FV6xkgWy/ytRCrCvOt2wPqW
VMoV7lAQhwJv/OrQooERsAi/8tQx+aowdnPgqfrAbKrhpjErDzhLYHfm09p2NqSj
JF1ehLa1uKg4VdDPYF25pcdZMRQkcM9WcePgrvkiqvpo+50zt4Y53bHYEZT5fG1y
cgCSKoW/7ty9KDoLoBZhktn/1G+Ao0GMobj86UIyB4Ng/cgTDobDaUv9UCvfNRQ4
iFwn7fKdymtMKARHdgEJNyhj0LEPupbWXMHcdGWhbSZWjRib0oTFG6P7+UcXzhRr
pQ2n+jyZt+SFTaSRxMnTShVrZojPKz6h8MpCnZY/jx5XnRv0/JfKcamE
-----END CERTIFICATE-----


atualizado para certificado *.abrasel.com.br (com chain):




key.pem
antigo:
-----BEGIN ENCRYPTED PRIVATE KEY-----
MIIFHDBOBgkqhkiG9w0BBQ0wQTApBgkqhkiG9w0BBQwwHAQIXHiVaw1YqdACAggA
MAwGCCqGSIb3DQIJBQAwFAYIKoZIhvcNAwcECNpHGIpVyh+TBIIEyFwGcLlxEWKs
3K8vj0J6jnC9M4RaxIoS8td0SdD/I/BXA1d42UjG9oHmhjm9u6f2HEc2EDkfvFKM
SaXP1A9NkV4rQnXLtnvpMYC82lKmFGY6HV9H9PEmZLOfz7AzGNJT39Pm1S+QAILn
Mkoro6LJfmJiv3p0UEZb0TlyaIDzQHudbNT2PW3a5/Czg52l1+2k4SRdrE6bvRd+
1MqOrm4ps9p+ls3dXWu+dvDUDllyUc8G+CUYhyJOuGGAzmTu0fdmnXgGHTSlXBoz
E3HsDWcaAyEZtjrboMMc9Uz+UVUvSLJLPjTkgsCpc0BCQsVQB7X0X+P0S7JxXbUx
aT2WIvVtY2VF7ApbvvXGcC07Cjgml2gOmZjdIcW39Aww3EMhSCct9DgLXjDKdZ03
BObCN/ftcmOlNIhm8Ayk2N/pW2MaoYU6MUUhJM4BDqZ59o9U8QtvgkW53JOoAEh9
gZXl1mMSYHb2OLRLlGWjAg2Af0eAbxMCAtxBGznelNLerx/KMCsnfp75b8+gzjYa
Uk+cX+iKeHRs0sykPODhNjq/VPzDCBvNOnq9Nsw/mPEBCt3tjxxPxSQZfeu9h3U3
diAXKoR9NoX87lqijze0KzSaw+NREjYKDP6eIxUiv1pOQ6tiI+avVDlPeWcNYWbJ
b4cKanmEVwSaaHCHTzuY2f5Kt97uLe8JOan+gN5NFD5SxRiaIfH39++5OT9PIAnL
gtTe5AriEUNWJXCpgnMTZwDJYG5c5bGu+Aquxb6TNHGCvUYoyKpzJs79EwbBgt90
PBYRL95IDrxofqFPKiTMLGVtgD83bKeNdPpeHXjWgRZDkLEKesDJSSsgjWD1AGZZ
hncIU+z+1bkWO1QdaDLEZov7miiZ7Tx29Tkor40K26+cK93EkMVbdj5yip1L2Il5
RJ73GKUE1jn2IbNl/DOlk7l+0ylx+w1o2K7w84RFVZ7wejXDF2nnIJ9/Ox3WIpAy
UmvukcwzQr4qOd0BrEDMMsWUgMGkjJEPOi12Z6QsK5sU7hQ/+Pp3C9fjVhH9Ctt8
Yi8BY7bJ4YMnlNB50Yl+MMUp8MXkTdKm8btPeMSln4WWMItOii7IlIcvuunPAc9x
Qk5NSUJtju2qlh4jYWnRXfeR7sq0J2chBH4eW6d/UEDYJxOx+o8YnMFGIuVZBFhH
IdrVSts9WU50WFy+F9ZFeCS+cfZ2iFKQYCUw0u/iFIGAi68II1YdfY1a3uAIy6Nf
etTmEVjDVr1ZY5qm7f6N28i0V6TonJ+IleFms0wodiGGrNPAfiX1dsN4c1pjVbxM
BEgk+VYPcExREltdX1aJGmzlZ3S3ftZL0EfvyRmshmZHR0NE/mpGRWzZXsEtJoZ8
CmXH37fPFReQ/shGV+HYgD1ZBQzHciauzk7IXSAyaLxk50WAxJG6lq7bDllFm0Yc
TUN8vWYf8N3ARA6wkcqF/lchtDtYgMqE+cdgvWNvvKYTL2l2Zr+LWF/16/3uCWeP
yL6oaoScBZ6GlNUh8UzgoJrYSElOyf9XQm2NavtH8XxBgjAHUJqCFCiHB2ZJrlP7
xoMQFOik5yLYukmix+wgvlWSzJQiq5XHZg8kXgFt3hDBtmjnEPtsY1xaVz9RQrJE
AzMQdLsOtzZnv1mQ+94vtQ==
-----END ENCRYPTED PRIVATE KEY-----


atualizado para: chave *.abrasel.com.br


